<?xml version="1.0" encoding="UTF-8"?>
<testsuite xmlns:xsi="http://www.w3.org/2001/XMLSchema-instance" xsi:noNamespaceSchemaLocation="https://maven.apache.org/surefire/maven-surefire-plugin/xsd/surefire-test-report-3.0.xsd" version="3.0" name="com.builder.portfolio.concurrency.ProjectConcurrencyTest" time="0.09" tests="3" errors="0" skipped="1" failures="0">
  <properties>
    <property name="java.specification.version" value="17"/>
    <property name="sun.jnu.encoding" value="UTF-8"/>
    <property name="java.class.path" value="/Users/faiqueahamed/Desktop/BuilderNew/BuilderPortfolioManagementSystem-main/target/test-classes:/Users/faiqueahamed/Desktop/BuilderNew/BuilderPortfolioManagementSystem-main/target/classes:/Users/faiqueahamed/.m2/repository/org/postgresql/postgresql/42.7.3/postgresql-42.7.3.jar:/Users/faiqueahamed/.m2/repository/org/checkerframework/checker-qual/3.42.0/checker-qual-3.42.0.jar:/Users/faiqueahamed/.m2/repository/org/slf4j/slf4j-api/2.0.13/slf4j-api-2.0.13.jar:/Users/faiqueahamed/.m2/repository/org/slf4j/slf4j-simple/2.0.13/slf4j-simple-2.0.13.jar:/Users/faiqueahamed/.m2/repository/org/junit/jupiter/junit-jupiter-api/5.12.0/junit-jupiter-api-5.12.0.jar:/Users/faiqueahamed/.m2/repository/org/opentest4j/opentest4j/1.3.0/opentest4j-1.3.0.jar:/Users/faiqueahamed/.m2/repository/org/junit/platform/junit-platform-commons/1.12.0/junit-platform-commons-1.12.0.jar:/Users/faiqueahamed/.m2/repository/org/apiguardian/apiguardian-api/1.1.2/apiguardian-api-1.1.2.jar:/Users/faiqueahamed/.m2/repository/org/junit/jupiter/junit-jupiter-engine/5.12.0/junit-jupiter-engine-5.12.0.jar:/Users/faiqueahamed/.m2/repository/org/junit/platform/junit-platform-engine/1.12.0/junit-platform-engine-1.12.0.jar:/Users/faiqueahamed/.m2/repository/org/junit/jupiter/junit-jupiter-params/5.12.0/junit-jupiter-params-5.12.0.jar:"/>
    <property name="java.vm.vendor" value="Oracle Corporation"/>
    <property name="sun.arch.data.model" value="64"/>
    <property name="java.vendor.url" value="https://java.oracle.com/"/>
    <property name="user.timezone" value="Asia/Kolkata"/>
    <property name="os.name" value="Mac OS X"/>
    <property name="java.vm.specification.version" value="17"/>
    <property name="user.country" value="IN"/>
    <property name="sun.java.launcher" value="SUN_STANDARD"/>
    <property name="sun.boot.library.path" value="/Library/Java/JavaVirtualMachines/jdk-17.jdk/Contents/Home/lib"/>
    <property name="sun.java.command" value="/Users/faiqueahamed/Desktop/BuilderNew/BuilderPortfolioManagementSystem-main/target/surefire/surefirebooter-20251016224917684_3.jar /Users/faiqueahamed/Desktop/BuilderNew/BuilderPortfolioManagementSystem-main/target/surefire 2025-10-16T22-49-17_468-jvmRun1 surefire-20251016224917684_1tmp surefire_0-20251016224917684_2tmp"/>
    <property name="http.nonProxyHosts" value="local|*.local|169.254/16|*.169.254/16"/>
    <property name="jdk.debug" value="release"/>
    <property name="surefire.test.class.path" value="/Users/faiqueahamed/Desktop/BuilderNew/BuilderPortfolioManagementSystem-main/target/test-classes:/Users/faiqueahamed/Desktop/BuilderNew/BuilderPortfolioManagementSystem-main/target/classes:/Users/faiqueahamed/.m2/repository/org/postgresql/postgresql/42.7.3/postgresql-42.7.3.jar:/Users/faiqueahamed/.m2/repository/org/checkerframework/checker-qual/3.42.0/checker-qual-3.42.0.jar:/Users/faiqueahamed/.m2/repository/org/slf4j/slf4j-api/2.0.13/slf4j-api-2.0.13.jar:/Users/faiqueahamed/.m2/repository/org/slf4j/slf4j-simple/2.0.13/slf4j-simple-2.0.13.jar:/Users/faiqueahamed/.m2/repository/org/junit/jupiter/junit-jupiter-api/5.12.0/junit-jupiter-api-5.12.0.jar:/Users/faiqueahamed/.m2/repository/org/opentest4j/opentest4j/1.3.0/opentest4j-1.3.0.jar:/Users/faiqueahamed/.m2/repository/org/junit/platform/junit-platform-commons/1.12.0/junit-platform-commons-1.12.0.jar:/Users/faiqueahamed/.m2/repository/org/apiguardian/apiguardian-api/1.1.2/apiguardian-api-1.1.2.jar:/Users/faiqueahamed/.m2/repository/org/junit/jupiter/junit-jupiter-engine/5.12.0/junit-jupiter-engine-5.12.0.jar:/Users/faiqueahamed/.m2/repository/org/junit/platform/junit-platform-engine/1.12.0/junit-platform-engine-1.12.0.jar:/Users/faiqueahamed/.m2/repository/org/junit/jupiter/junit-jupiter-params/5.12.0/junit-jupiter-params-5.12.0.jar:"/>
    <property name="sun.cpu.endian" value="little"/>
    <property name="user.home" value="/Users/faiqueahamed"/>
    <property name="user.language" value="en"/>
    <property name="java.specification.vendor" value="Oracle Corporation"/>
    <property name="java.version.date" value="2024-07-16"/>
    <property name="java.home" value="/Library/Java/JavaVirtualMachines/jdk-17.jdk/Contents/Home"/>
    <property name="file.separator" value="/"/>
    <property name="style.color" value="always"/>
    <property name="basedir" value="/Users/faiqueahamed/Desktop/BuilderNew/BuilderPortfolioManagementSystem-main"/>
    <property name="java.vm.compressedOopsMode" value="Zero based"/>
    <property name="line.separator" value="&#10;"/>
    <property name="java.vm.specification.vendor" value="Oracle Corporation"/>
    <property name="java.specification.name" value="Java Platform API Specification"/>
    <property name="surefire.real.class.path" value="/Users/faiqueahamed/Desktop/BuilderNew/BuilderPortfolioManagementSystem-main/target/surefire/surefirebooter-20251016224917684_3.jar"/>
    <property name="sun.management.compiler" value="HotSpot 64-Bit Tiered Compilers"/>
    <property name="ftp.nonProxyHosts" value="local|*.local|169.254/16|*.169.254/16"/>
    <property name="java.runtime.version" value="17.0.12+8-LTS-286"/>
    <property name="user.name" value="faiqueahamed"/>
    <property name="path.separator" value=":"/>
    <property name="os.version" value="14.7"/>
    <property name="java.runtime.name" value="Java(TM) SE Runtime Environment"/>
    <property name="file.encoding" value="UTF-8"/>
    <property name="java.vm.name" value="Java HotSpot(TM) 64-Bit Server VM"/>
    <property name="maven.ext.class.path" value="/Applications/IntelliJ IDEA CE.app/Contents/plugins/maven/lib/maven-event-listener.jar"/>
    <property name="localRepository" value="/Users/faiqueahamed/.m2/repository"/>
    <property name="java.vendor.url.bug" value="https://bugreport.java.com/bugreport/"/>
    <property name="java.io.tmpdir" value="/var/folders/52/7cv1f6td5q9_bdght_7p705w0000gn/T/"/>
    <property name="idea.version" value="2025.2.1"/>
    <property name="java.version" value="17.0.12"/>
    <property name="user.dir" value="/Users/faiqueahamed/Desktop/BuilderNew/BuilderPortfolioManagementSystem-main"/>
    <property name="os.arch" value="x86_64"/>
    <property name="jansi.passthrough" value="true"/>
    <property name="java.vm.specification.name" value="Java Virtual Machine Specification"/>
    <property name="native.encoding" value="UTF-8"/>
    <property name="java.library.path" value="/Users/faiqueahamed/Library/Java/Extensions:/Library/Java/Extensions:/Network/Library/Java/Extensions:/System/Library/Java/Extensions:/usr/lib/java:."/>
    <property name="java.vm.info" value="mixed mode, sharing"/>
    <property name="java.vendor" value="Oracle Corporation"/>
    <property name="java.vm.version" value="17.0.12+8-LTS-286"/>
    <property name="sun.io.unicode.encoding" value="UnicodeBig"/>
    <property name="maven.repo.local" value="/Users/faiqueahamed/.m2/repository"/>
    <property name="socksNonProxyHosts" value="local|*.local|169.254/16|*.169.254/16"/>
    <property name="java.class.version" value="61.0"/>
  </properties>
  <testcase name="budgetUpdatesAreAtomic" classname="com.builder.portfolio.concurrency.ProjectConcurrencyTest" time="0.076">
    <system-err><![CDATA[[pool-3-thread-8] INFO com.builder.portfolio.service.ProjectServiceImpl - Budget update for project 1 delta 100.0 new total 100.0 in 49 ms (version 1)
[pool-3-thread-6] INFO com.builder.portfolio.service.ProjectServiceImpl - Budget update for project 1 delta 100.0 new total 200.0 in 0 ms (version 2)
[pool-3-thread-1] INFO com.builder.portfolio.service.ProjectServiceImpl - Budget update for project 1 delta 100.0 new total 300.0 in 0 ms (version 3)
[pool-3-thread-7] INFO com.builder.portfolio.service.ProjectServiceImpl - Budget update for project 1 delta 100.0 new total 400.0 in 0 ms (version 4)
[pool-3-thread-10] INFO com.builder.portfolio.service.ProjectServiceImpl - Budget update for project 1 delta 100.0 new total 500.0 in 0 ms (version 5)
[pool-3-thread-4] INFO com.builder.portfolio.service.ProjectServiceImpl - Budget update for project 1 delta 100.0 new total 600.0 in 0 ms (version 6)
[pool-3-thread-5] INFO com.builder.portfolio.service.ProjectServiceImpl - Budget update for project 1 delta 100.0 new total 700.0 in 0 ms (version 7)
[pool-3-thread-3] INFO com.builder.portfolio.service.ProjectServiceImpl - Budget update for project 1 delta 100.0 new total 800.0 in 0 ms (version 8)
[pool-3-thread-9] INFO com.builder.portfolio.service.ProjectServiceImpl - Budget update for project 1 delta 100.0 new total 900.0 in 0 ms (version 9)
[pool-3-thread-2] INFO com.builder.portfolio.service.ProjectServiceImpl - Budget update for project 1 delta 100.0 new total 1000.0 in 0 ms (version 10)
]]></system-err>
  </testcase>
  <testcase name="deadlockDemo" classname="com.builder.portfolio.concurrency.ProjectConcurrencyTest" time="0.0">
    <skipped message="Demonstrates potential deadlock when lock ordering is violated"/>
  </testcase>
  <testcase name="statusUpdatesRespectVersioning" classname="com.builder.portfolio.concurrency.ProjectConcurrencyTest" time="0.008">
    <system-err><![CDATA[[pool-4-thread-1] INFO com.builder.portfolio.service.ProjectServiceImpl - Status update for project 1 completed in 0 ms (version 1)
[pool-4-thread-1] INFO com.builder.portfolio.service.ProjectServiceImpl - Status update for project 1 completed in 0 ms (version 2)
[pool-4-thread-1] INFO com.builder.portfolio.service.ProjectServiceImpl - Status update for project 1 completed in 0 ms (version 3)
[pool-4-thread-2] INFO com.builder.portfolio.service.ProjectServiceImpl - Status update for project 1 completed in 0 ms (version 4)
[pool-4-thread-2] INFO com.builder.portfolio.service.ProjectServiceImpl - Status update for project 1 completed in 0 ms (version 5)
[pool-4-thread-2] INFO com.builder.portfolio.service.ProjectServiceImpl - Status update for project 1 completed in 0 ms (version 6)
]]></system-err>
  </testcase>
</testsuite>